
Wed Jul 20 2016 22:17:22 GMT+0300 (RTZ 2 (зима)) | ERROR | Can't read from file ./data/users.json
Wed Jul 20 2016 22:17:22 GMT+0300 (RTZ 2 (зима)) | ERROR | Can't read from file ./data/users.json
Thu Jul 21 2016 21:37:11 GMT+0300 (RTZ 2 (зима)) | ERROR | [ERROR:]Thu Jul 21 2016 21:37:11 GMT+0300 (RTZ 2 (зима)) login faild by[object Object]
Thu Jul 21 2016 21:39:26 GMT+0300 (RTZ 2 (зима)) | ERROR | Thu Jul 21 2016 21:39:26 GMT+0300 (RTZ 2 (зима)) login faild by test2
Thu Jul 21 2016 21:39:57 GMT+0300 (RTZ 2 (зима)) | ERROR | Thu Jul 21 2016 21:39:57 GMT+0300 (RTZ 2 (зима)) login faild by test2
Fri Jul 22 2016 10:57:20 GMT+0300 (Финляндия (лето)) | ERROR | Fri Jul 22 2016 10:57:20 GMT+0300 (Финляндия (лето)) login faild by test
Fri Jul 22 2016 10:57:32 GMT+0300 (Финляндия (лето)) | ERROR | Fri Jul 22 2016 10:57:32 GMT+0300 (Финляндия (лето)) login faild by master
Fri Jul 22 2016 10:57:38 GMT+0300 (Финляндия (лето)) | ERROR | Fri Jul 22 2016 10:57:38 GMT+0300 (Финляндия (лето)) login faild by master
Fri Jul 22 2016 10:57:47 GMT+0300 (Финляндия (лето)) | ERROR | Fri Jul 22 2016 10:57:47 GMT+0300 (Финляндия (лето)) login faild by master
Fri Jul 22 2016 11:01:08 GMT+0300 (Финляндия (лето)) | ERROR | Fri Jul 22 2016 11:01:08 GMT+0300 (Финляндия (лето)) login faild by master
Fri Jul 22 2016 11:02:02 GMT+0300 (Финляндия (лето)) | ERROR | Fri Jul 22 2016 11:02:02 GMT+0300 (Финляндия (лето)) login faild by master
Fri Jul 22 2016 11:02:30 GMT+0300 (Финляндия (лето)) | ERROR | Fri Jul 22 2016 11:02:30 GMT+0300 (Финляндия (лето)) login faild by test2
Fri Jul 22 2016 11:42:33 GMT+0300 (Финляндия (лето)) | ERROR | Fri Jul 22 2016 11:42:33 GMT+0300 (Финляндия (лето)) login faild by sdfs
Fri Jul 22 2016 11:42:38 GMT+0300 (Финляндия (лето)) | ERROR | Fri Jul 22 2016 11:42:38 GMT+0300 (Финляндия (лето)) login faild by dfgdfg
Fri Jul 22 2016 11:43:28 GMT+0300 (Финляндия (лето)) | ERROR | Fri Jul 22 2016 11:43:28 GMT+0300 (Финляндия (лето)) login faild by dfgd
Fri Jul 22 2016 11:43:43 GMT+0300 (Финляндия (лето)) | ERROR | Fri Jul 22 2016 11:43:43 GMT+0300 (Финляндия (лето)) login faild by dfgdfg
Fri Jul 22 2016 11:44:05 GMT+0300 (Финляндия (лето)) | ERROR | Fri Jul 22 2016 11:44:05 GMT+0300 (Финляндия (лето)) login faild by dfgdfg
Fri Jul 22 2016 11:45:46 GMT+0300 (Финляндия (лето)) | ERROR | Fri Jul 22 2016 11:45:46 GMT+0300 (Финляндия (лето)) login faild by dfsdf
Fri Jul 22 2016 11:46:01 GMT+0300 (Финляндия (лето)) | ERROR | Fri Jul 22 2016 11:46:01 GMT+0300 (Финляндия (лето)) login faild by sdfsd
Thu Aug 11 2016 15:59:45 GMT+0300 (RTZ 2 (зима)) | ERROR | Thu Aug 11 2016 15:59:45 GMT+0300 (RTZ 2 (зима)) login faild by mater
Thu Aug 11 2016 22:32:37 GMT+0300 (RTZ 2 (зима)) | ERROR | Thu Aug 11 2016 22:32:37 GMT+0300 (RTZ 2 (зима)) login faild by undefined
Thu Aug 11 2016 22:33:30 GMT+0300 (RTZ 2 (зима)) | ERROR | Thu Aug 11 2016 22:33:30 GMT+0300 (RTZ 2 (зима)) login faild by undefined
Fri Aug 12 2016 15:32:52 GMT+0300 (RTZ 2 (зима)) | ERROR | Fri Aug 12 2016 15:32:52 GMT+0300 (RTZ 2 (зима)) login faild by qwe
